# JRE version: Java(TM) SE Runtime Environment (8.0_31-b13) (build 1.8.0_31-b13)
# Java VM: Java HotSpot(TM) 64-Bit Server VM (25.31-b07 mixed mode windows-amd64 compressed oops)
Heap:
 PSYoungGen      total 149504K, used 27450K [0x00000000f5580000, 0x00000000fff00000, 0x0000000100000000)
  eden space 125952K, 13% used [0x00000000f5580000,0x00000000f65e4b78,0x00000000fd080000)
  from space 23552K, 45% used [0x00000000fd080000,0x00000000fdae9cd0,0x00000000fe780000)
  to   space 22528K, 0% used [0x00000000fe900000,0x00000000fe900000,0x00000000fff00000)
 ParOldGen       total 177664K, used 45988K [0x00000000e0000000, 0x00000000ead80000, 0x00000000f5580000)
  object space 177664K, 25% used [0x00000000e0000000,0x00000000e2ce9350,0x00000000ead80000)
 Metaspace       used 60857K, capacity 62562K, committed 62848K, reserved 1103872K
  class space    used 8153K, capacity 8495K, committed 8576K, reserved 1048576K
GC Heap History (10 events):
Event: 14.341 GC heap before
{Heap before GC invocations=14 (full 2):
 PSYoungGen      total 159232K, used 125474K [0x00000000f5580000, 0x0000000100000000, 0x0000000100000000)
  eden space 143872K, 76% used [0x00000000f5580000,0x00000000fc110560,0x00000000fe200000)
  from space 15360K, 99% used [0x00000000fe200000,0x00000000ff0f85b8,0x00000000ff100000)
  to   space 15360K, 0% used [0x00000000ff100000,0x00000000ff100000,0x0000000100000000)
 ParOldGen       total 106496K, used 21099K [0x00000000e0000000, 0x00000000e6800000, 0x00000000f5580000)
  object space 106496K, 19% used [0x00000000e0000000,0x00000000e149af78,0x00000000e6800000)
 Metaspace       used 57583K, capacity 59028K, committed 59096K, reserved 1099776K
  class space    used 7724K, capacity 8024K, committed 8064K, reserved 1048576K
Event: 14.375 GC heap after
Heap after GC invocations=14 (full 2):
 PSYoungGen      total 140800K, used 15328K [0x00000000f5580000, 0x0000000100000000, 0x0000000100000000)
  eden space 125440K, 0% used [0x00000000f5580000,0x00000000f5580000,0x00000000fd000000)
  from space 15360K, 99% used [0x00000000ff100000,0x00000000ffff8010,0x0000000100000000)
  to   space 24576K, 0% used [0x00000000fd000000,0x00000000fd000000,0x00000000fe800000)
 ParOldGen       total 106496K, used 36897K [0x00000000e0000000, 0x00000000e6800000, 0x00000000f5580000)
  object space 106496K, 34% used [0x00000000e0000000,0x00000000e2408578,0x00000000e6800000)
 Metaspace       used 57583K, capacity 59028K, committed 59096K, reserved 1099776K
  class space    used 7724K, capacity 8024K, committed 8064K, reserved 1048576K
}
Event: 14.375 GC heap before
{Heap before GC invocations=15 (full 3):
 PSYoungGen      total 140800K, used 15328K [0x00000000f5580000, 0x0000000100000000, 0x0000000100000000)
  eden space 125440K, 0% used [0x00000000f5580000,0x00000000f5580000,0x00000000fd000000)
  from space 15360K, 99% used [0x00000000ff100000,0x00000000ffff8010,0x0000000100000000)
  to   space 24576K, 0% used [0x00000000fd000000,0x00000000fd000000,0x00000000fe800000)
 ParOldGen       total 106496K, used 36897K [0x00000000e0000000, 0x00000000e6800000, 0x00000000f5580000)
  object space 106496K, 34% used [0x00000000e0000000,0x00000000e2408578,0x00000000e6800000)
 Metaspace       used 57583K, capacity 59028K, committed 59096K, reserved 1099776K
  class space    used 7724K, capacity 8024K, committed 8064K, reserved 1048576K
Event: 14.680 GC heap after
Heap after GC invocations=15 (full 3):
 PSYoungGen      total 140800K, used 0K [0x00000000f5580000, 0x0000000100000000, 0x0000000100000000)
  eden space 125440K, 0% used [0x00000000f5580000,0x00000000f5580000,0x00000000fd000000)
  from space 15360K, 0% used [0x00000000ff100000,0x00000000ff100000,0x0000000100000000)
  to   space 24576K, 0% used [0x00000000fd000000,0x00000000fd000000,0x00000000fe800000)
 ParOldGen       total 177664K, used 45964K [0x00000000e0000000, 0x00000000ead80000, 0x00000000f5580000)
  object space 177664K, 25% used [0x00000000e0000000,0x00000000e2ce3350,0x00000000ead80000)
 Metaspace       used 57558K, capacity 58972K, committed 59096K, reserved 1099776K
  class space    used 7713K, capacity 8008K, committed 8064K, reserved 1048576K
}
Event: 16.009 GC heap before
{Heap before GC invocations=16 (full 3):
 PSYoungGen      total 140800K, used 124797K [0x00000000f5580000, 0x0000000100000000, 0x0000000100000000)
  eden space 125440K, 99% used [0x00000000f5580000,0x00000000fcf5f518,0x00000000fd000000)
  from space 15360K, 0% used [0x00000000ff100000,0x00000000ff100000,0x0000000100000000)
  to   space 24576K, 0% used [0x00000000fd000000,0x00000000fd000000,0x00000000fe800000)
 ParOldGen       total 177664K, used 45964K [0x00000000e0000000, 0x00000000ead80000, 0x00000000f5580000)
  object space 177664K, 25% used [0x00000000e0000000,0x00000000e2ce3350,0x00000000ead80000)
 Metaspace       used 58865K, capacity 60480K, committed 60800K, reserved 1101824K
  class space    used 7873K, capacity 8224K, committed 8320K, reserved 1048576K
Event: 16.014 GC heap after
Heap after GC invocations=16 (full 3):
 PSYoungGen      total 150016K, used 7222K [0x00000000f5580000, 0x0000000100000000, 0x0000000100000000)
  eden space 125440K, 0% used [0x00000000f5580000,0x00000000f5580000,0x00000000fd000000)
  from space 24576K, 29% used [0x00000000fd000000,0x00000000fd70d928,0x00000000fe800000)
  to   space 24064K, 0% used [0x00000000fe880000,0x00000000fe880000,0x0000000100000000)
 ParOldGen       total 177664K, used 45972K [0x00000000e0000000, 0x00000000ead80000, 0x00000000f5580000)
  object space 177664K, 25% used [0x00000000e0000000,0x00000000e2ce5350,0x00000000ead80000)
 Metaspace       used 58865K, capacity 60480K, committed 60800K, reserved 1101824K
  class space    used 7873K, capacity 8224K, committed 8320K, reserved 1048576K
}
Event: 16.025 GC heap before
{Heap before GC invocations=17 (full 3):
 PSYoungGen      total 150016K, used 132080K [0x00000000f5580000, 0x0000000100000000, 0x0000000100000000)
  eden space 125440K, 99% used [0x00000000f5580000,0x00000000fcf6eac0,0x00000000fd000000)
  from space 24576K, 29% used [0x00000000fd000000,0x00000000fd70d928,0x00000000fe800000)
  to   space 24064K, 0% used [0x00000000fe880000,0x00000000fe880000,0x0000000100000000)
 ParOldGen       total 177664K, used 45972K [0x00000000e0000000, 0x00000000ead80000, 0x00000000f5580000)
  object space 177664K, 25% used [0x00000000e0000000,0x00000000e2ce5350,0x00000000ead80000)
 Metaspace       used 58867K, capacity 60480K, committed 60800K, reserved 1101824K
  class space    used 7873K, capacity 8224K, committed 8320K, reserved 1048576K
Event: 16.029 GC heap after
Heap after GC invocations=17 (full 3):
 PSYoungGen      total 148480K, used 6377K [0x00000000f5580000, 0x00000000ffe80000, 0x0000000100000000)
  eden space 125952K, 0% used [0x00000000f5580000,0x00000000f5580000,0x00000000fd080000)
  from space 22528K, 28% used [0x00000000fe880000,0x00000000feeba418,0x00000000ffe80000)
  to   space 23552K, 0% used [0x00000000fd080000,0x00000000fd080000,0x00000000fe780000)
 ParOldGen       total 177664K, used 45980K [0x00000000e0000000, 0x00000000ead80000, 0x00000000f5580000)
  object space 177664K, 25% used [0x00000000e0000000,0x00000000e2ce7350,0x00000000ead80000)
 Metaspace       used 58867K, capacity 60480K, committed 60800K, reserved 1101824K
  class space    used 7873K, capacity 8224K, committed 8320K, reserved 1048576K
}
Event: 18.535 GC heap before
{Heap before GC invocations=18 (full 3):
 PSYoungGen      total 148480K, used 132329K [0x00000000f5580000, 0x00000000ffe80000, 0x0000000100000000)
  eden space 125952K, 100% used [0x00000000f5580000,0x00000000fd080000,0x00000000fd080000)
  from space 22528K, 28% used [0x00000000fe880000,0x00000000feeba418,0x00000000ffe80000)
  to   space 23552K, 0% used [0x00000000fd080000,0x00000000fd080000,0x00000000fe780000)
 ParOldGen       total 177664K, used 45980K [0x00000000e0000000, 0x00000000ead80000, 0x00000000f5580000)
  object space 177664K, 25% used [0x00000000e0000000,0x00000000e2ce7350,0x00000000ead80000)
 Metaspace       used 60700K, capacity 62418K, committed 62592K, reserved 1103872K
  class space    used 8125K, capacity 8477K, committed 8576K, reserved 1048576K
Event: 18.544 GC heap after
Heap after GC invocations=18 (full 3):
 PSYoungGen      total 149504K, used 10663K [0x00000000f5580000, 0x00000000fff00000, 0x0000000100000000)
  eden space 125952K, 0% used [0x00000000f5580000,0x00000000f5580000,0x00000000fd080000)
  from space 23552K, 45% used [0x00000000fd080000,0x00000000fdae9cd0,0x00000000fe780000)
  to   space 22528K, 0% used [0x00000000fe900000,0x00000000fe900000,0x00000000fff00000)
 ParOldGen       total 177664K, used 45988K [0x00000000e0000000, 0x00000000ead80000, 0x00000000f5580000)
  object space 177664K, 25% used [0x00000000e0000000,0x00000000e2ce9350,0x00000000ead80000)
 Metaspace       used 60700K, capacity 62418K, committed 62592K, reserved 1103872K
  class space    used 8125K, capacity 8477K, committed 8576K, reserved 1048576K
}

