# JRE version: Java(TM) SE Runtime Environment (8.0_31-b13) (build 1.8.0_31-b13)
# Java VM: Java HotSpot(TM) 64-Bit Server VM (25.31-b07 mixed mode windows-amd64 compressed oops)
Heap:
 PSYoungGen      total 137216K, used 70412K [0x00000000eab00000, 0x00000000f5d80000, 0x0000000100000000)
  eden space 125440K, 46% used [0x00000000eab00000,0x00000000ee458598,0x00000000f2580000)
  from space 11776K, 99% used [0x00000000f2580000,0x00000000f30eaca0,0x00000000f3100000)
  to   space 12800K, 0% used [0x00000000f5100000,0x00000000f5100000,0x00000000f5d80000)
 ParOldGen       total 98304K, used 15642K [0x00000000c0000000, 0x00000000c6000000, 0x00000000eab00000)
  object space 98304K, 15% used [0x00000000c0000000,0x00000000c0f46ad0,0x00000000c6000000)
 Metaspace       used 46507K, capacity 47790K, committed 48000K, reserved 1091584K
  class space    used 6424K, capacity 6679K, committed 6784K, reserved 1048576K
GC Heap History (10 events):
Event: 8.647 GC heap before
{Heap before GC invocations=7 (full 1):
 PSYoungGen      total 71680K, used 71678K [0x00000000eab00000, 0x00000000f1d00000, 0x0000000100000000)
  eden space 66560K, 100% used [0x00000000eab00000,0x00000000eec00000,0x00000000eec00000)
  from space 5120K, 99% used [0x00000000eec00000,0x00000000ef0ffb38,0x00000000ef100000)
  to   space 10240K, 0% used [0x00000000f1300000,0x00000000f1300000,0x00000000f1d00000)
 ParOldGen       total 64512K, used 10897K [0x00000000c0000000, 0x00000000c3f00000, 0x00000000eab00000)
  object space 64512K, 16% used [0x00000000c0000000,0x00000000c0aa44a0,0x00000000c3f00000)
 Metaspace       used 27744K, capacity 28092K, committed 28288K, reserved 1073152K
  class space    used 3860K, capacity 3960K, committed 3968K, reserved 1048576K
Event: 8.655 GC heap after
Heap after GC invocations=7 (full 1):
 PSYoungGen      total 99328K, used 5371K [0x00000000eab00000, 0x00000000f1980000, 0x0000000100000000)
  eden space 92672K, 0% used [0x00000000eab00000,0x00000000eab00000,0x00000000f0580000)
  from space 6656K, 80% used [0x00000000f1300000,0x00000000f183ef08,0x00000000f1980000)
  to   space 10240K, 0% used [0x00000000f0580000,0x00000000f0580000,0x00000000f0f80000)
 ParOldGen       total 64512K, used 10905K [0x00000000c0000000, 0x00000000c3f00000, 0x00000000eab00000)
  object space 64512K, 16% used [0x00000000c0000000,0x00000000c0aa64a0,0x00000000c3f00000)
 Metaspace       used 27744K, capacity 28092K, committed 28288K, reserved 1073152K
  class space    used 3860K, capacity 3960K, committed 3968K, reserved 1048576K
}
Event: 10.793 GC heap before
{Heap before GC invocations=8 (full 1):
 PSYoungGen      total 99328K, used 98043K [0x00000000eab00000, 0x00000000f1980000, 0x0000000100000000)
  eden space 92672K, 100% used [0x00000000eab00000,0x00000000f0580000,0x00000000f0580000)
  from space 6656K, 80% used [0x00000000f1300000,0x00000000f183ef08,0x00000000f1980000)
  to   space 10240K, 0% used [0x00000000f0580000,0x00000000f0580000,0x00000000f0f80000)
 ParOldGen       total 64512K, used 10905K [0x00000000c0000000, 0x00000000c3f00000, 0x00000000eab00000)
  object space 64512K, 16% used [0x00000000c0000000,0x00000000c0aa64a0,0x00000000c3f00000)
 Metaspace       used 32884K, capacity 33462K, committed 33664K, reserved 1079296K
  class space    used 4522K, capacity 4690K, committed 4736K, reserved 1048576K
Event: 10.806 GC heap after
Heap after GC invocations=8 (full 1):
 PSYoungGen      total 102912K, used 10193K [0x00000000eab00000, 0x00000000f3c00000, 0x0000000100000000)
  eden space 92672K, 0% used [0x00000000eab00000,0x00000000eab00000,0x00000000f0580000)
  from space 10240K, 99% used [0x00000000f0580000,0x00000000f0f746b8,0x00000000f0f80000)
  to   space 11264K, 0% used [0x00000000f3100000,0x00000000f3100000,0x00000000f3c00000)
 ParOldGen       total 64512K, used 10913K [0x00000000c0000000, 0x00000000c3f00000, 0x00000000eab00000)
  object space 64512K, 16% used [0x00000000c0000000,0x00000000c0aa84a0,0x00000000c3f00000)
 Metaspace       used 32884K, capacity 33462K, committed 33664K, reserved 1079296K
  class space    used 4522K, capacity 4690K, committed 4736K, reserved 1048576K
}
Event: 11.194 GC heap before
{Heap before GC invocations=9 (full 1):
 PSYoungGen      total 102912K, used 31115K [0x00000000eab00000, 0x00000000f3c00000, 0x0000000100000000)
  eden space 92672K, 22% used [0x00000000eab00000,0x00000000ebf6e848,0x00000000f0580000)
  from space 10240K, 99% used [0x00000000f0580000,0x00000000f0f746b8,0x00000000f0f80000)
  to   space 11264K, 0% used [0x00000000f3100000,0x00000000f3100000,0x00000000f3c00000)
 ParOldGen       total 64512K, used 10913K [0x00000000c0000000, 0x00000000c3f00000, 0x00000000eab00000)
  object space 64512K, 16% used [0x00000000c0000000,0x00000000c0aa84a0,0x00000000c3f00000)
 Metaspace       used 34678K, capacity 35162K, committed 35456K, reserved 1079296K
  class space    used 4765K, capacity 4888K, committed 4992K, reserved 1048576K
Event: 11.205 GC heap after
Heap after GC invocations=9 (full 1):
 PSYoungGen      total 136704K, used 8699K [0x00000000eab00000, 0x00000000f4300000, 0x0000000100000000)
  eden space 125440K, 0% used [0x00000000eab00000,0x00000000eab00000,0x00000000f2580000)
  from space 11264K, 77% used [0x00000000f3100000,0x00000000f397ed98,0x00000000f3c00000)
  to   space 11776K, 0% used [0x00000000f2580000,0x00000000f2580000,0x00000000f3100000)
 ParOldGen       total 64512K, used 10921K [0x00000000c0000000, 0x00000000c3f00000, 0x00000000eab00000)
  object space 64512K, 16% used [0x00000000c0000000,0x00000000c0aaa4a0,0x00000000c3f00000)
 Metaspace       used 34678K, capacity 35162K, committed 35456K, reserved 1079296K
  class space    used 4765K, capacity 4888K, committed 4992K, reserved 1048576K
}
Event: 11.205 GC heap before
{Heap before GC invocations=10 (full 2):
 PSYoungGen      total 136704K, used 8699K [0x00000000eab00000, 0x00000000f4300000, 0x0000000100000000)
  eden space 125440K, 0% used [0x00000000eab00000,0x00000000eab00000,0x00000000f2580000)
  from space 11264K, 77% used [0x00000000f3100000,0x00000000f397ed98,0x00000000f3c00000)
  to   space 11776K, 0% used [0x00000000f2580000,0x00000000f2580000,0x00000000f3100000)
 ParOldGen       total 64512K, used 10921K [0x00000000c0000000, 0x00000000c3f00000, 0x00000000eab00000)
  object space 64512K, 16% used [0x00000000c0000000,0x00000000c0aaa4a0,0x00000000c3f00000)
 Metaspace       used 34678K, capacity 35162K, committed 35456K, reserved 1079296K
  class space    used 4765K, capacity 4888K, committed 4992K, reserved 1048576K
Event: 11.319 GC heap after
Heap after GC invocations=10 (full 2):
 PSYoungGen      total 136704K, used 0K [0x00000000eab00000, 0x00000000f4300000, 0x0000000100000000)
  eden space 125440K, 0% used [0x00000000eab00000,0x00000000eab00000,0x00000000f2580000)
  from space 11264K, 0% used [0x00000000f3100000,0x00000000f3100000,0x00000000f3c00000)
  to   space 11776K, 0% used [0x00000000f2580000,0x00000000f2580000,0x00000000f3100000)
 ParOldGen       total 98304K, used 15634K [0x00000000c0000000, 0x00000000c6000000, 0x00000000eab00000)
  object space 98304K, 15% used [0x00000000c0000000,0x00000000c0f44ad0,0x00000000c6000000)
 Metaspace       used 34678K, capacity 35162K, committed 35456K, reserved 1079296K
  class space    used 4765K, capacity 4888K, committed 4992K, reserved 1048576K
}
Event: 15.956 GC heap before
{Heap before GC invocations=11 (full 2):
 PSYoungGen      total 136704K, used 125440K [0x00000000eab00000, 0x00000000f4300000, 0x0000000100000000)
  eden space 125440K, 100% used [0x00000000eab00000,0x00000000f2580000,0x00000000f2580000)
  from space 11264K, 0% used [0x00000000f3100000,0x00000000f3100000,0x00000000f3c00000)
  to   space 11776K, 0% used [0x00000000f2580000,0x00000000f2580000,0x00000000f3100000)
 ParOldGen       total 98304K, used 15634K [0x00000000c0000000, 0x00000000c6000000, 0x00000000eab00000)
  object space 98304K, 15% used [0x00000000c0000000,0x00000000c0f44ad0,0x00000000c6000000)
 Metaspace       used 43486K, capacity 44410K, committed 44672K, reserved 1087488K
  class space    used 5952K, capacity 6155K, committed 6272K, reserved 1048576K
Event: 15.996 GC heap after
Heap after GC invocations=11 (full 2):
 PSYoungGen      total 137216K, used 11691K [0x00000000eab00000, 0x00000000f5d80000, 0x0000000100000000)
  eden space 125440K, 0% used [0x00000000eab00000,0x00000000eab00000,0x00000000f2580000)
  from space 11776K, 99% used [0x00000000f2580000,0x00000000f30eaca0,0x00000000f3100000)
  to   space 12800K, 0% used [0x00000000f5100000,0x00000000f5100000,0x00000000f5d80000)
 ParOldGen       total 98304K, used 15642K [0x00000000c0000000, 0x00000000c6000000, 0x00000000eab00000)
  object space 98304K, 15% used [0x00000000c0000000,0x00000000c0f46ad0,0x00000000c6000000)
 Metaspace       used 43486K, capacity 44410K, committed 44672K, reserved 1087488K
  class space    used 5952K, capacity 6155K, committed 6272K, reserved 1048576K
}

