# JRE version: Java(TM) SE Runtime Environment (8.0_31-b13) (build 1.8.0_31-b13)
# Java VM: Java HotSpot(TM) 64-Bit Server VM (25.31-b07 mixed mode windows-amd64 compressed oops)
Heap:
 PSYoungGen      total 185856K, used 130909K [0x00000000eab00000, 0x00000000f9280000, 0x0000000100000000)
  eden space 155648K, 80% used [0x00000000eab00000,0x00000000f24b7558,0x00000000f4300000)
  from space 30208K, 20% used [0x00000000f6000000,0x00000000f6620000,0x00000000f7d80000)
  to   space 29696K, 0% used [0x00000000f4300000,0x00000000f4300000,0x00000000f6000000)
 ParOldGen       total 166400K, used 44487K [0x00000000c0000000, 0x00000000ca280000, 0x00000000eab00000)
  object space 166400K, 26% used [0x00000000c0000000,0x00000000c2b71c18,0x00000000ca280000)
 Metaspace       used 60836K, capacity 62542K, committed 62848K, reserved 1103872K
  class space    used 8152K, capacity 8493K, committed 8576K, reserved 1048576K
GC Heap History (10 events):
Event: 13.957 GC heap before
{Heap before GC invocations=17 (full 2):
 PSYoungGen      total 129536K, used 129522K [0x00000000eab00000, 0x00000000f4380000, 0x0000000100000000)
  eden space 112640K, 100% used [0x00000000eab00000,0x00000000f1900000,0x00000000f1900000)
  from space 16896K, 99% used [0x00000000f2d00000,0x00000000f3d7ca40,0x00000000f3d80000)
  to   space 20480K, 0% used [0x00000000f1900000,0x00000000f1900000,0x00000000f2d00000)
 ParOldGen       total 104960K, used 25151K [0x00000000c0000000, 0x00000000c6680000, 0x00000000eab00000)
  object space 104960K, 23% used [0x00000000c0000000,0x00000000c188fe40,0x00000000c6680000)
 Metaspace       used 56261K, capacity 57740K, committed 57984K, reserved 1099776K
  class space    used 7635K, capacity 7938K, committed 8064K, reserved 1048576K
Event: 14.001 GC heap after
Heap after GC invocations=17 (full 2):
 PSYoungGen      total 133120K, used 20459K [0x00000000eab00000, 0x00000000f6680000, 0x0000000100000000)
  eden space 112640K, 0% used [0x00000000eab00000,0x00000000eab00000,0x00000000f1900000)
  from space 20480K, 99% used [0x00000000f1900000,0x00000000f2cfae58,0x00000000f2d00000)
  to   space 26112K, 0% used [0x00000000f4d00000,0x00000000f4d00000,0x00000000f6680000)
 ParOldGen       total 104960K, used 32240K [0x00000000c0000000, 0x00000000c6680000, 0x00000000eab00000)
  object space 104960K, 30% used [0x00000000c0000000,0x00000000c1f7c1c8,0x00000000c6680000)
 Metaspace       used 56261K, capacity 57740K, committed 57984K, reserved 1099776K
  class space    used 7635K, capacity 7938K, committed 8064K, reserved 1048576K
}
Event: 14.784 GC heap before
{Heap before GC invocations=18 (full 2):
 PSYoungGen      total 133120K, used 49092K [0x00000000eab00000, 0x00000000f6680000, 0x0000000100000000)
  eden space 112640K, 25% used [0x00000000eab00000,0x00000000ec6f6328,0x00000000f1900000)
  from space 20480K, 99% used [0x00000000f1900000,0x00000000f2cfae58,0x00000000f2d00000)
  to   space 26112K, 0% used [0x00000000f4d00000,0x00000000f4d00000,0x00000000f6680000)
 ParOldGen       total 104960K, used 32240K [0x00000000c0000000, 0x00000000c6680000, 0x00000000eab00000)
  object space 104960K, 30% used [0x00000000c0000000,0x00000000c1f7c1c8,0x00000000c6680000)
 Metaspace       used 57505K, capacity 58988K, committed 59096K, reserved 1099776K
  class space    used 7730K, capacity 8034K, committed 8064K, reserved 1048576K
Event: 14.803 GC heap after
Heap after GC invocations=18 (full 2):
 PSYoungGen      total 160768K, used 26084K [0x00000000eab00000, 0x00000000f7280000, 0x0000000100000000)
  eden space 134656K, 0% used [0x00000000eab00000,0x00000000eab00000,0x00000000f2e80000)
  from space 26112K, 99% used [0x00000000f4d00000,0x00000000f6679258,0x00000000f6680000)
  to   space 31232K, 0% used [0x00000000f2e80000,0x00000000f2e80000,0x00000000f4d00000)
 ParOldGen       total 104960K, used 35029K [0x00000000c0000000, 0x00000000c6680000, 0x00000000eab00000)
  object space 104960K, 33% used [0x00000000c0000000,0x00000000c2235510,0x00000000c6680000)
 Metaspace       used 57505K, capacity 58988K, committed 59096K, reserved 1099776K
  class space    used 7730K, capacity 8034K, committed 8064K, reserved 1048576K
}
Event: 14.803 GC heap before
{Heap before GC invocations=19 (full 3):
 PSYoungGen      total 160768K, used 26084K [0x00000000eab00000, 0x00000000f7280000, 0x0000000100000000)
  eden space 134656K, 0% used [0x00000000eab00000,0x00000000eab00000,0x00000000f2e80000)
  from space 26112K, 99% used [0x00000000f4d00000,0x00000000f6679258,0x00000000f6680000)
  to   space 31232K, 0% used [0x00000000f2e80000,0x00000000f2e80000,0x00000000f4d00000)
 ParOldGen       total 104960K, used 35029K [0x00000000c0000000, 0x00000000c6680000, 0x00000000eab00000)
  object space 104960K, 33% used [0x00000000c0000000,0x00000000c2235510,0x00000000c6680000)
 Metaspace       used 57505K, capacity 58988K, committed 59096K, reserved 1099776K
  class space    used 7730K, capacity 8034K, committed 8064K, reserved 1048576K
Event: 15.043 GC heap after
Heap after GC invocations=19 (full 3):
 PSYoungGen      total 160768K, used 0K [0x00000000eab00000, 0x00000000f7280000, 0x0000000100000000)
  eden space 134656K, 0% used [0x00000000eab00000,0x00000000eab00000,0x00000000f2e80000)
  from space 26112K, 0% used [0x00000000f4d00000,0x00000000f4d00000,0x00000000f6680000)
  to   space 31232K, 0% used [0x00000000f2e80000,0x00000000f2e80000,0x00000000f4d00000)
 ParOldGen       total 166400K, used 44471K [0x00000000c0000000, 0x00000000ca280000, 0x00000000eab00000)
  object space 166400K, 26% used [0x00000000c0000000,0x00000000c2b6dc18,0x00000000ca280000)
 Metaspace       used 57464K, capacity 58900K, committed 59096K, reserved 1099776K
  class space    used 7713K, capacity 8008K, committed 8064K, reserved 1048576K
}
Event: 16.178 GC heap before
{Heap before GC invocations=20 (full 3):
 PSYoungGen      total 160768K, used 134442K [0x00000000eab00000, 0x00000000f7280000, 0x0000000100000000)
  eden space 134656K, 99% used [0x00000000eab00000,0x00000000f2e4aaa8,0x00000000f2e80000)
  from space 26112K, 0% used [0x00000000f4d00000,0x00000000f4d00000,0x00000000f6680000)
  to   space 31232K, 0% used [0x00000000f2e80000,0x00000000f2e80000,0x00000000f4d00000)
 ParOldGen       total 166400K, used 44471K [0x00000000c0000000, 0x00000000ca280000, 0x00000000eab00000)
  object space 166400K, 26% used [0x00000000c0000000,0x00000000c2b6dc18,0x00000000ca280000)
 Metaspace       used 58840K, capacity 60472K, committed 60800K, reserved 1101824K
  class space    used 7873K, capacity 8224K, committed 8320K, reserved 1048576K
Event: 16.184 GC heap after
Heap after GC invocations=20 (full 3):
 PSYoungGen      total 165888K, used 7350K [0x00000000eab00000, 0x00000000f7d80000, 0x0000000100000000)
  eden space 134656K, 0% used [0x00000000eab00000,0x00000000eab00000,0x00000000f2e80000)
  from space 31232K, 23% used [0x00000000f2e80000,0x00000000f35ad928,0x00000000f4d00000)
  to   space 30208K, 0% used [0x00000000f6000000,0x00000000f6000000,0x00000000f7d80000)
 ParOldGen       total 166400K, used 44479K [0x00000000c0000000, 0x00000000ca280000, 0x00000000eab00000)
  object space 166400K, 26% used [0x00000000c0000000,0x00000000c2b6fc18,0x00000000ca280000)
 Metaspace       used 58840K, capacity 60472K, committed 60800K, reserved 1101824K
  class space    used 7873K, capacity 8224K, committed 8320K, reserved 1048576K
}
Event: 16.196 GC heap before
{Heap before GC invocations=21 (full 3):
 PSYoungGen      total 165888K, used 141289K [0x00000000eab00000, 0x00000000f7d80000, 0x0000000100000000)
  eden space 134656K, 99% used [0x00000000eab00000,0x00000000f2dccbd0,0x00000000f2e80000)
  from space 31232K, 23% used [0x00000000f2e80000,0x00000000f35ad928,0x00000000f4d00000)
  to   space 30208K, 0% used [0x00000000f6000000,0x00000000f6000000,0x00000000f7d80000)
 ParOldGen       total 166400K, used 44479K [0x00000000c0000000, 0x00000000ca280000, 0x00000000eab00000)
  object space 166400K, 26% used [0x00000000c0000000,0x00000000c2b6fc18,0x00000000ca280000)
 Metaspace       used 58844K, capacity 60472K, committed 60800K, reserved 1101824K
  class space    used 7873K, capacity 8224K, committed 8320K, reserved 1048576K
Event: 16.201 GC heap after
Heap after GC invocations=21 (full 3):
 PSYoungGen      total 185856K, used 6272K [0x00000000eab00000, 0x00000000f9280000, 0x0000000100000000)
  eden space 155648K, 0% used [0x00000000eab00000,0x00000000eab00000,0x00000000f4300000)
  from space 30208K, 20% used [0x00000000f6000000,0x00000000f6620000,0x00000000f7d80000)
  to   space 29696K, 0% used [0x00000000f4300000,0x00000000f4300000,0x00000000f6000000)
 ParOldGen       total 166400K, used 44487K [0x00000000c0000000, 0x00000000ca280000, 0x00000000eab00000)
  object space 166400K, 26% used [0x00000000c0000000,0x00000000c2b71c18,0x00000000ca280000)
 Metaspace       used 58844K, capacity 60472K, committed 60800K, reserved 1101824K
  class space    used 7873K, capacity 8224K, committed 8320K, reserved 1048576K
}

